<?xml version="1.0" encoding="UTF-8"?>
<!-- Generated by org.testng.reporters.JUnitXMLReporter -->
<testsuite ignored="1" hostname="Sridhars-MacBook-Air.local" failures="0" tests="1" name="OpencartTest" time="18.338" errors="0" timestamp="2023-04-02T17:19:42 AEST">
  <testcase classname="testCases.TC_002_LoginTest" name="logintest" time="2.04"/>
  <testcase classname="testCases.TC_001_AccountRegistrationTest" name="testaccountregistartion" time="0.0">
    <ignored/>
  </testcase> <!-- testaccountregistartion -->
</testsuite> <!-- OpencartTest -->
