<?xml version="1.0" encoding="UTF-8"?>
<testng-results ignored="1" total="2" passed="1" failed="0" skipped="0">
  <reporter-output>
  </reporter-output>
  <suite started-at="2023-04-02T17:19:23 AEST" name="OpencartSuite" finished-at="2023-04-02T17:19:42 AEST" duration-ms="18338">
    <groups>
      <group name="Master">
        <method signature="TC_002_LoginTest.logintest()[pri:0, instance:testCases.TC_002_LoginTest@7c24b813]" name="logintest" class="testCases.TC_002_LoginTest"/>
      </group> <!-- Master -->
      <group name="sanity">
        <method signature="TC_002_LoginTest.logintest()[pri:0, instance:testCases.TC_002_LoginTest@7c24b813]" name="logintest" class="testCases.TC_002_LoginTest"/>
      </group> <!-- sanity -->
    </groups>
    <test started-at="2023-04-02T17:19:23 AEST" name="OpencartTest" finished-at="2023-04-02T17:19:42 AEST" duration-ms="18338">
      <class name="testCases.TC_002_LoginTest">
        <test-method is-config="true" signature="setup(java.lang.String)[pri:0, instance:testCases.TC_002_LoginTest@7c24b813]" started-at="2023-04-02T17:19:24 AEST" name="setup" finished-at="2023-04-02T17:19:40 AEST" duration-ms="15906" status="PASS">
          <params>
            <param index="0">
              <value>
                <![CDATA[chrome]]>
              </value>
            </param>
          </params>
          <reporter-output>
          </reporter-output>
        </test-method> <!-- setup -->
        <test-method signature="logintest()[pri:0, instance:testCases.TC_002_LoginTest@7c24b813]" started-at="2023-04-02T17:19:40 AEST" name="logintest" finished-at="2023-04-02T17:19:42 AEST" duration-ms="2040" status="PASS">
          <reporter-output>
          </reporter-output>
        </test-method> <!-- logintest -->
        <test-method is-config="true" signature="teardown()[pri:0, instance:testCases.TC_002_LoginTest@7c24b813]" started-at="2023-04-02T17:19:42 AEST" name="teardown" finished-at="2023-04-02T17:19:42 AEST" duration-ms="111" status="PASS">
          <reporter-output>
          </reporter-output>
        </test-method> <!-- teardown -->
      </class> <!-- testCases.TC_002_LoginTest -->
    </test> <!-- OpencartTest -->
  </suite> <!-- OpencartSuite -->
</testng-results>
