<?xml version="1.0" encoding="UTF-8"?>
<testng-results ignored="0" total="2" passed="2" failed="0" skipped="0">
  <reporter-output>
  </reporter-output>
  <suite started-at="2023-03-29T17:26:28 AEDT" name="OpencartSuite" finished-at="2023-03-29T17:27:02 AEDT" duration-ms="34653">
    <groups>
      <group name="Master">
        <method signature="TC_001_AccountRegistrationTest.testaccountregistartion()[pri:0, instance:testCases.TC_001_AccountRegistrationTest@6e0f5f7f]" name="testaccountregistartion" class="testCases.TC_001_AccountRegistrationTest"/>
        <method signature="TC_002_LoginTest.logintest()[pri:0, instance:testCases.TC_002_LoginTest@4803b726]" name="logintest" class="testCases.TC_002_LoginTest"/>
      </group> <!-- Master -->
      <group name="Regression">
        <method signature="TC_001_AccountRegistrationTest.testaccountregistartion()[pri:0, instance:testCases.TC_001_AccountRegistrationTest@6e0f5f7f]" name="testaccountregistartion" class="testCases.TC_001_AccountRegistrationTest"/>
      </group> <!-- Regression -->
      <group name="sanity">
        <method signature="TC_002_LoginTest.logintest()[pri:0, instance:testCases.TC_002_LoginTest@4803b726]" name="logintest" class="testCases.TC_002_LoginTest"/>
      </group> <!-- sanity -->
    </groups>
    <test started-at="2023-03-29T17:26:28 AEDT" name="OpencartTest" finished-at="2023-03-29T17:27:02 AEDT" duration-ms="34653">
      <class name="testCases.TC_001_AccountRegistrationTest">
        <test-method is-config="true" signature="setup(java.lang.String)[pri:0, instance:testCases.TC_001_AccountRegistrationTest@6e0f5f7f]" started-at="2023-03-29T17:26:28 AEDT" name="setup" finished-at="2023-03-29T17:26:43 AEDT" duration-ms="14583" status="PASS">
          <params>
            <param index="0">
              <value>
                <![CDATA[chrome]]>
              </value>
            </param>
          </params>
          <reporter-output>
          </reporter-output>
        </test-method> <!-- setup -->
        <test-method signature="testaccountregistartion()[pri:0, instance:testCases.TC_001_AccountRegistrationTest@6e0f5f7f]" started-at="2023-03-29T17:26:43 AEDT" name="testaccountregistartion" finished-at="2023-03-29T17:26:49 AEDT" duration-ms="6491" status="PASS">
          <reporter-output>
          </reporter-output>
        </test-method> <!-- testaccountregistartion -->
        <test-method is-config="true" signature="teardown()[pri:0, instance:testCases.TC_001_AccountRegistrationTest@6e0f5f7f]" started-at="2023-03-29T17:26:49 AEDT" name="teardown" finished-at="2023-03-29T17:26:49 AEDT" duration-ms="118" status="PASS">
          <reporter-output>
          </reporter-output>
        </test-method> <!-- teardown -->
      </class> <!-- testCases.TC_001_AccountRegistrationTest -->
      <class name="testCases.TC_002_LoginTest">
        <test-method is-config="true" signature="setup(java.lang.String)[pri:0, instance:testCases.TC_002_LoginTest@4803b726]" started-at="2023-03-29T17:26:49 AEDT" name="setup" finished-at="2023-03-29T17:27:00 AEDT" duration-ms="10945" status="PASS">
          <params>
            <param index="0">
              <value>
                <![CDATA[chrome]]>
              </value>
            </param>
          </params>
          <reporter-output>
          </reporter-output>
        </test-method> <!-- setup -->
        <test-method signature="logintest()[pri:0, instance:testCases.TC_002_LoginTest@4803b726]" started-at="2023-03-29T17:27:00 AEDT" name="logintest" finished-at="2023-03-29T17:27:02 AEDT" duration-ms="2076" status="PASS">
          <reporter-output>
          </reporter-output>
        </test-method> <!-- logintest -->
        <test-method is-config="true" signature="teardown()[pri:0, instance:testCases.TC_002_LoginTest@4803b726]" started-at="2023-03-29T17:27:02 AEDT" name="teardown" finished-at="2023-03-29T17:27:02 AEDT" duration-ms="112" status="PASS">
          <reporter-output>
          </reporter-output>
        </test-method> <!-- teardown -->
      </class> <!-- testCases.TC_002_LoginTest -->
    </test> <!-- OpencartTest -->
  </suite> <!-- OpencartSuite -->
</testng-results>
